[debug] [2018-08-14T17:35:09.205Z] ----------------------------------------------------------------------
[debug] [2018-08-14T17:35:09.207Z] Command:       /usr/local/bin/node /usr/local/bin/firebase serve
[debug] [2018-08-14T17:35:09.207Z] CLI Version:   4.1.0
[debug] [2018-08-14T17:35:09.207Z] Platform:      darwin
[debug] [2018-08-14T17:35:09.207Z] Node Version:  v8.11.3
[debug] [2018-08-14T17:35:09.208Z] Time:          Tue Aug 14 2018 12:35:09 GMT-0500 (CDT)
[debug] [2018-08-14T17:35:09.208Z] ----------------------------------------------------------------------
[debug] 
[debug] [2018-08-14T17:35:09.222Z] > command requires scopes: ["email","openid","https://www.googleapis.com/auth/cloudplatformprojects.readonly","https://www.googleapis.com/auth/firebase","https://www.googleapis.com/auth/cloud-platform"]
[debug] [2018-08-14T17:35:09.223Z] > authorizing via signed-in user
[debug] [2018-08-14T17:35:09.225Z] >>> HTTP REQUEST GET https://admin.firebase.com/v1/projects/receipts-2a38a  
 
[debug] [2018-08-14T17:35:09.625Z] <<< HTTP RESPONSE 200
[debug] [2018-08-14T17:35:09.626Z] >>> HTTP REQUEST GET https://admin.firebase.com/v1/database/receipts-2a38a/tokens  
 
[debug] [2018-08-14T17:35:10.035Z] <<< HTTP RESPONSE 200
[debug] [2018-08-14T17:35:10.037Z] >>> HTTP REQUEST GET https://cloudresourcemanager.googleapis.com/v1/projects/receipts-2a38a  
 
[debug] [2018-08-14T17:35:10.314Z] <<< HTTP RESPONSE 200
[info] 
[info] === Serving from '/Users/Alonso/Desktop/Code/mothership'...
[info] 
[debug] [2018-08-14T17:35:10.860Z] Error: EACCES: permission denied, mkdir '/usr/local/lib/node_modules/firebase-tools/node_modules/@google-cloud/functions-emulator/logs'
    at Object.fs.mkdirSync (fs.js:885:18)
    at Object.assertLogsPath (/usr/local/lib/node_modules/firebase-tools/node_modules/@google-cloud/functions-emulator/src/emulator/logs.js:65:10)
    at new Controller (/usr/local/lib/node_modules/firebase-tools/node_modules/@google-cloud/functions-emulator/src/cli/controller.js:77:32)
    at FunctionsEmulator.start (/usr/local/lib/node_modules/firebase-tools/lib/functionsEmulator.js:113:21)
    at Object.start (/usr/local/lib/node_modules/firebase-tools/lib/serve/functions.js:9:29)
    at /usr/local/lib/node_modules/firebase-tools/lib/serve/index.js:17:21
    at arrayMap (/usr/local/lib/node_modules/firebase-tools/node_modules/lodash/lodash.js:639:23)
    at Function.map (/usr/local/lib/node_modules/firebase-tools/node_modules/lodash/lodash.js:9554:14)
    at _serve (/usr/local/lib/node_modules/firebase-tools/lib/serve/index.js:15:7)
    at Command._action (/usr/local/lib/node_modules/firebase-tools/commands/serve.js:48:12)
[error] 
[error] Error: An unexpected error has occurred.
